<?xml version="1.0" encoding="UTF-8"?>
<testsuite name="CustomerTest" tests="15" skipped="0" failures="0" errors="0" timestamp="2020-11-26T11:37:21" hostname="THEVIP" time="0.031">
  <properties/>
  <testcase name="testAllSetters" classname="CustomerTest" time="0.003"/>
  <testcase name="testCheckMailsWithValidDomain" classname="CustomerTest" time="0.006"/>
  <testcase name="testCheckMailWithTooShortLength" classname="CustomerTest" time="0.0"/>
  <testcase name="testCreateInvalidCustomer" classname="CustomerTest" time="0.0"/>
  <testcase name="testCheckMailWithArrobas" classname="CustomerTest" time="0.001"/>
  <testcase name="testCreateValidCustomer" classname="CustomerTest" time="0.0"/>
  <testcase name="testCheckMailWithTooLongLength" classname="CustomerTest" time="0.002"/>
  <testcase name="testFindCustomerWithInvalidValues" classname="CustomerTest" time="0.008"/>
  <testcase name="testCreateInvalidCustomerErrorMessages" classname="CustomerTest" time="0.0"/>
  <testcase name="testCreateCustomer" classname="CustomerTest" time="0.005"/>
  <testcase name="testDeleteUnknownCustomer" classname="CustomerTest" time="0.0"/>
  <testcase name="testAllGetters" classname="CustomerTest" time="0.0"/>
  <testcase name="testCheckMailWithValidLength" classname="CustomerTest" time="0.001"/>
  <testcase name="testCheckMailsWithInvalidDomain" classname="CustomerTest" time="0.0"/>
  <testcase name="testCheckMailWithoutArrobas" classname="CustomerTest" time="0.0"/>
  <system-out><![CDATA[bilou@microsoft.fr
]]></system-out>
  <system-err><![CDATA[]]></system-err>
</testsuite>
